<?xml version="1.0" encoding="UTF-8"?>
<!-- Generated by org.testng.reporters.JUnitReportReporter -->
<testsuite skipped="1" hostname="DESKTOP-MD2112N" name="com.nationalguard.testcases.GetStartedFormTest" tests="3" failures="0" timestamp="01 Jul 2020 04:01:28 GMT" time="47.547" errors="0">
  <testcase name="GetStartedForm" time="17.232" classname="com.nationalguard.testcases.GetStartedFormTest"/>
  <testcase name="GetStartedForm" time="28.413" classname="com.nationalguard.testcases.GetStartedFormTest"/>
  <testcase name="GetStartedForm" time="1.902" classname="com.nationalguard.testcases.GetStartedFormTest">
    <skipped/>
  </testcase> <!-- GetStartedForm -->
</testsuite> <!-- com.nationalguard.testcases.GetStartedFormTest -->
